<?xml version="1.0" encoding="UTF-8"?>
<testsuite name="agh.ics.oop.AnimalTest" tests="1" skipped="0" failures="0" errors="0" timestamp="2022-10-25T18:38:33" hostname="DESKTOP-4MBBE38" time="0.039">
  <properties/>
  <testcase name="move()" classname="agh.ics.oop.AnimalTest" time="0.039"/>
  <system-out><![CDATA[]]></system-out>
  <system-err><![CDATA[]]></system-err>
</testsuite>
