<?xml version="1.0" encoding="UTF-8"?>
<testsuite name="agh.ics.oop.RectangularMapTests" tests="1" skipped="0" failures="0" errors="0" timestamp="2022-11-03T09:55:57" hostname="DESKTOP-4MBBE38" time="0.017">
  <properties/>
  <testcase name="integralTest()" classname="agh.ics.oop.RectangularMapTests" time="0.017"/>
  <system-out><![CDATA[]]></system-out>
  <system-err><![CDATA[]]></system-err>
</testsuite>
