<?xml version="1.0" encoding="UTF-8"?>
<testsuite name="agh.ics.oop.RectangularMapTests" tests="4" skipped="0" failures="0" errors="0" timestamp="2022-11-14T15:31:48" hostname="DESKTOP-4MBBE38" time="0.024">
  <properties/>
  <testcase name="objectAtTest()" classname="agh.ics.oop.RectangularMapTests" time="0.019"/>
  <testcase name="placeAndIsOccupiedTest()" classname="agh.ics.oop.RectangularMapTests" time="0.0"/>
  <testcase name="canMoveToTest()" classname="agh.ics.oop.RectangularMapTests" time="0.0"/>
  <testcase name="integralTest()" classname="agh.ics.oop.RectangularMapTests" time="0.002"/>
  <system-out><![CDATA[]]></system-out>
  <system-err><![CDATA[]]></system-err>
</testsuite>
