<?xml version="1.0" encoding="UTF-8"?>
<testsuite name="agh.ics.oop.OptionParserTest" tests="1" skipped="0" failures="0" errors="0" timestamp="2022-10-20T09:56:09" hostname="DESKTOP-4MBBE38" time="0.018">
  <properties/>
  <testcase name="parseTest()" classname="agh.ics.oop.OptionParserTest" time="0.018"/>
  <system-out><![CDATA[]]></system-out>
  <system-err><![CDATA[]]></system-err>
</testsuite>
